<?xml version="1.0" encoding="UTF-8"?>
<!-- Generated by org.testng.reporters.JUnitReportReporter -->
<testsuite skipped="0" hostname="MINDQ_001" name="p1.TestA" tests="2" failures="0" timestamp="2023-08-14T11:33:41 IST" time="0.017" errors="0">
  <testcase name="tc002" time="0.002" classname="p1.TestA"/>
  <testcase name="tc001" time="0.015" classname="p1.TestA"/>
</testsuite> <!-- p1.TestA -->
