<?xml version="1.0" encoding="UTF-8"?>
<!-- Generated by org.testng.reporters.JUnitReportReporter -->
<testsuite skipped="0" hostname="MINDQ_001" name="p2.TestB" tests="2" failures="0" timestamp="2023-08-14T11:33:41 IST" time="0.007" errors="0">
  <testcase name="tc004" time="0.003" classname="p2.TestB"/>
  <testcase name="tc003" time="0.004" classname="p2.TestB"/>
</testsuite> <!-- p2.TestB -->
